2016-04-11 13:29:50,326 DEBUG c.k.h.c.ConfigPaser [main] totalConfig: {"file_path":"/Users/King/Work/code58/hawkeye/client/logs/app.log","chain":[{"type":"level","value":"error"},{"type":"keyword","value":"Exception"}],"alert":{"type":"blank","value":""}}
2016-04-11 13:30:20,412 INFO c.k.h.w.MainTest [main] ...
2016-04-11 13:30:22,550 ERROR c.k.h.w.MainTest [main] error and keyword king.
java.lang.Exception: test exception...
	at com.king.hawkeye.watcher.MainTest$1.run(MainTest.java:45) [test-classes/:?]
	at com.king.hawkeye.watcher.MainTest.log(MainTest.java:58) [test-classes/:?]
	at sun.reflect.NativeMethodAccessorImpl.invoke0(Native Method) ~[?:1.8.0_40]
	at sun.reflect.NativeMethodAccessorImpl.invoke(NativeMethodAccessorImpl.java:62) ~[?:1.8.0_40]
	at sun.reflect.DelegatingMethodAccessorImpl.invoke(DelegatingMethodAccessorImpl.java:43) ~[?:1.8.0_40]
	at java.lang.reflect.Method.invoke(Method.java:497) ~[?:1.8.0_40]
	at org.junit.runners.model.FrameworkMethod$1.runReflectiveCall(FrameworkMethod.java:50) [junit-4.12.jar:4.12]
	at org.junit.internal.runners.model.ReflectiveCallable.run(ReflectiveCallable.java:12) [junit-4.12.jar:4.12]
	at org.junit.runners.model.FrameworkMethod.invokeExplosively(FrameworkMethod.java:47) [junit-4.12.jar:4.12]
	at org.junit.internal.runners.statements.InvokeMethod.evaluate(InvokeMethod.java:17) [junit-4.12.jar:4.12]
	at org.junit.runners.ParentRunner.runLeaf(ParentRunner.java:325) [junit-4.12.jar:4.12]
	at org.junit.runners.BlockJUnit4ClassRunner.runChild(BlockJUnit4ClassRunner.java:78) [junit-4.12.jar:4.12]
	at org.junit.runners.BlockJUnit4ClassRunner.runChild(BlockJUnit4ClassRunner.java:57) [junit-4.12.jar:4.12]
	at org.junit.runners.ParentRunner$3.run(ParentRunner.java:290) [junit-4.12.jar:4.12]
	at org.junit.runners.ParentRunner$1.schedule(ParentRunner.java:71) [junit-4.12.jar:4.12]
	at org.junit.runners.ParentRunner.runChildren(ParentRunner.java:288) [junit-4.12.jar:4.12]
	at org.junit.runners.ParentRunner.access$000(ParentRunner.java:58) [junit-4.12.jar:4.12]
	at org.junit.runners.ParentRunner$2.evaluate(ParentRunner.java:268) [junit-4.12.jar:4.12]
	at org.junit.runners.ParentRunner.run(ParentRunner.java:363) [junit-4.12.jar:4.12]
	at org.junit.runner.JUnitCore.run(JUnitCore.java:137) [junit-4.12.jar:4.12]
	at com.intellij.junit4.JUnit4IdeaTestRunner.startRunnerWithArgs(JUnit4IdeaTestRunner.java:119) [junit-rt.jar:?]
	at com.intellij.junit4.JUnit4IdeaTestRunner.startRunnerWithArgs(JUnit4IdeaTestRunner.java:42) [junit-rt.jar:?]
	at com.intellij.rt.execution.junit.JUnitStarter.prepareStreamsAndStart(JUnitStarter.java:234) [junit-rt.jar:?]
	at com.intellij.rt.execution.junit.JUnitStarter.main(JUnitStarter.java:74) [junit-rt.jar:?]
	at sun.reflect.NativeMethodAccessorImpl.invoke0(Native Method) ~[?:1.8.0_40]
	at sun.reflect.NativeMethodAccessorImpl.invoke(NativeMethodAccessorImpl.java:62) ~[?:1.8.0_40]
	at sun.reflect.DelegatingMethodAccessorImpl.invoke(DelegatingMethodAccessorImpl.java:43) ~[?:1.8.0_40]
	at java.lang.reflect.Method.invoke(Method.java:497) ~[?:1.8.0_40]
	at com.intellij.rt.execution.application.AppMain.main(AppMain.java:144) [idea_rt.jar:?]
2016-04-11 13:30:25,176 INFO c.k.h.w.MainTest [main] ...
2016-04-11 13:30:34,268 INFO c.k.h.w.MainTest [main] ...
2016-04-11 13:30:37,205 INFO c.k.h.w.MainTest [main] ...
2016-04-11 13:30:38,551 INFO c.k.h.w.MainTest [main] ...
2016-04-11 13:30:39,866 INFO c.k.h.w.MainTest [main] ...
2016-04-11 13:30:42,374 INFO c.k.h.w.MainTest [main] ...
2016-04-11 13:30:43,646 INFO c.k.h.w.MainTest [main] ...
2016-04-11 13:30:46,143 INFO c.k.h.w.MainTest [main] ...
2016-04-11 13:30:48,410 INFO c.k.h.w.MainTest [main] ...
2016-04-11 13:30:50,666 INFO c.k.h.w.MainTest [main] ...
2016-04-11 13:30:52,953 INFO c.k.h.w.MainTest [main] ...
2016-04-11 13:30:55,721 INFO c.k.h.w.MainTest [main] ...
2016-04-11 13:30:56,922 INFO c.k.h.w.MainTest [main] ...
2016-04-11 13:30:58,158 INFO c.k.h.w.MainTest [main] ...
2016-04-11 13:31:00,025 INFO c.k.h.w.MainTest [main] ...
2016-04-11 13:31:02,334 INFO c.k.h.w.MainTest [main] ...
2016-04-11 13:31:03,558 INFO c.k.h.w.MainTest [main] ...
2016-04-11 13:31:04,802 INFO c.k.h.w.MainTest [main] ...
2016-04-11 13:31:06,599 INFO c.k.h.w.MainTest [main] ...
2016-04-11 13:31:09,079 INFO c.k.h.w.MainTest [main] ...
2016-04-11 13:31:11,706 INFO c.k.h.w.MainTest [main] ...
2016-04-11 13:31:13,764 INFO c.k.h.w.MainTest [main] ...
2016-04-11 13:31:15,500 INFO c.k.h.w.MainTest [main] ...
2016-04-11 13:31:17,348 INFO c.k.h.w.MainTest [main] ...
2016-04-11 13:31:31,781 INFO c.k.h.w.MainTest [main] ...
2016-04-11 13:31:33,919 INFO c.k.h.w.MainTest [main] ...
2016-04-11 13:31:36,643 INFO c.k.h.w.MainTest [main] ...
2016-04-11 13:31:38,295 INFO c.k.h.w.MainTest [main] ...
2016-04-11 13:31:39,437 INFO c.k.h.w.MainTest [main] ...
2016-04-11 13:31:41,333 INFO c.k.h.w.MainTest [main] ...
2016-04-11 13:31:44,192 INFO c.k.h.w.MainTest [main] log for keyword test : keyword is King. 
2016-04-11 13:31:46,144 INFO c.k.h.w.MainTest [main] log for keyword test : keyword is King. 
2016-04-11 13:31:48,357 INFO c.k.h.w.MainTest [main] ...
2016-04-11 13:31:49,765 INFO c.k.h.w.MainTest [main] ...
2016-04-11 13:31:52,521 INFO c.k.h.w.MainTest [main] ...
2016-04-11 13:31:55,294 INFO c.k.h.w.MainTest [main] ...
2016-04-11 13:31:57,126 INFO c.k.h.w.MainTest [main] ...
2016-04-11 13:31:58,795 INFO c.k.h.w.MainTest [main] ...
2016-04-11 13:31:59,933 INFO c.k.h.w.MainTest [main] ...
2016-04-11 13:32:02,057 INFO c.k.h.w.MainTest [main] ...
2016-04-11 13:32:04,520 INFO c.k.h.w.MainTest [main] ...
2016-04-11 13:32:07,157 INFO c.k.h.w.MainTest [main] ...
2016-04-11 13:32:09,437 INFO c.k.h.w.MainTest [main] ...
2016-04-11 13:32:10,593 ERROR c.k.h.w.MainTest [main] error info.
2016-04-11 13:32:13,469 INFO c.k.h.w.MainTest [main] ...
2016-04-11 13:32:15,777 ERROR c.k.h.w.MainTest [main] error info.
2016-04-11 13:32:17,212 INFO c.k.h.w.MainTest [main] ...
2016-04-11 13:32:20,044 INFO c.k.h.w.MainTest [main] ...
2016-04-11 13:32:22,259 INFO c.k.h.w.MainTest [main] ...
2016-04-11 13:32:24,243 INFO c.k.h.w.MainTest [main] ...
2016-04-11 13:32:25,792 INFO c.k.h.w.MainTest [main] log for keyword test : keyword is King. 
2016-04-11 13:32:27,636 ERROR c.k.h.w.MainTest [main] error and keyword king.
java.lang.Exception: test exception...
	at com.king.hawkeye.watcher.MainTest$1.run(MainTest.java:45) [test-classes/:?]
	at com.king.hawkeye.watcher.MainTest.log(MainTest.java:58) [test-classes/:?]
	at sun.reflect.NativeMethodAccessorImpl.invoke0(Native Method) ~[?:1.8.0_40]
	at sun.reflect.NativeMethodAccessorImpl.invoke(NativeMethodAccessorImpl.java:62) ~[?:1.8.0_40]
	at sun.reflect.DelegatingMethodAccessorImpl.invoke(DelegatingMethodAccessorImpl.java:43) ~[?:1.8.0_40]
	at java.lang.reflect.Method.invoke(Method.java:497) ~[?:1.8.0_40]
	at org.junit.runners.model.FrameworkMethod$1.runReflectiveCall(FrameworkMethod.java:50) [junit-4.12.jar:4.12]
	at org.junit.internal.runners.model.ReflectiveCallable.run(ReflectiveCallable.java:12) [junit-4.12.jar:4.12]
	at org.junit.runners.model.FrameworkMethod.invokeExplosively(FrameworkMethod.java:47) [junit-4.12.jar:4.12]
	at org.junit.internal.runners.statements.InvokeMethod.evaluate(InvokeMethod.java:17) [junit-4.12.jar:4.12]
	at org.junit.runners.ParentRunner.runLeaf(ParentRunner.java:325) [junit-4.12.jar:4.12]
	at org.junit.runners.BlockJUnit4ClassRunner.runChild(BlockJUnit4ClassRunner.java:78) [junit-4.12.jar:4.12]
	at org.junit.runners.BlockJUnit4ClassRunner.runChild(BlockJUnit4ClassRunner.java:57) [junit-4.12.jar:4.12]
	at org.junit.runners.ParentRunner$3.run(ParentRunner.java:290) [junit-4.12.jar:4.12]
	at org.junit.runners.ParentRunner$1.schedule(ParentRunner.java:71) [junit-4.12.jar:4.12]
	at org.junit.runners.ParentRunner.runChildren(ParentRunner.java:288) [junit-4.12.jar:4.12]
	at org.junit.runners.ParentRunner.access$000(ParentRunner.java:58) [junit-4.12.jar:4.12]
	at org.junit.runners.ParentRunner$2.evaluate(ParentRunner.java:268) [junit-4.12.jar:4.12]
	at org.junit.runners.ParentRunner.run(ParentRunner.java:363) [junit-4.12.jar:4.12]
	at org.junit.runner.JUnitCore.run(JUnitCore.java:137) [junit-4.12.jar:4.12]
	at com.intellij.junit4.JUnit4IdeaTestRunner.startRunnerWithArgs(JUnit4IdeaTestRunner.java:119) [junit-rt.jar:?]
	at com.intellij.junit4.JUnit4IdeaTestRunner.startRunnerWithArgs(JUnit4IdeaTestRunner.java:42) [junit-rt.jar:?]
	at com.intellij.rt.execution.junit.JUnitStarter.prepareStreamsAndStart(JUnitStarter.java:234) [junit-rt.jar:?]
	at com.intellij.rt.execution.junit.JUnitStarter.main(JUnitStarter.java:74) [junit-rt.jar:?]
	at sun.reflect.NativeMethodAccessorImpl.invoke0(Native Method) ~[?:1.8.0_40]
	at sun.reflect.NativeMethodAccessorImpl.invoke(NativeMethodAccessorImpl.java:62) ~[?:1.8.0_40]
	at sun.reflect.DelegatingMethodAccessorImpl.invoke(DelegatingMethodAccessorImpl.java:43) ~[?:1.8.0_40]
	at java.lang.reflect.Method.invoke(Method.java:497) ~[?:1.8.0_40]
	at com.intellij.rt.execution.application.AppMain.main(AppMain.java:144) [idea_rt.jar:?]
2016-04-11 13:32:29,404 ERROR c.k.h.w.MainTest [main] error and keyword king.
java.lang.Exception: test exception...
	at com.king.hawkeye.watcher.MainTest$1.run(MainTest.java:45) [test-classes/:?]
	at com.king.hawkeye.watcher.MainTest.log(MainTest.java:58) [test-classes/:?]
	at sun.reflect.NativeMethodAccessorImpl.invoke0(Native Method) ~[?:1.8.0_40]
	at sun.reflect.NativeMethodAccessorImpl.invoke(NativeMethodAccessorImpl.java:62) ~[?:1.8.0_40]
	at sun.reflect.DelegatingMethodAccessorImpl.invoke(DelegatingMethodAccessorImpl.java:43) ~[?:1.8.0_40]
	at java.lang.reflect.Method.invoke(Method.java:497) ~[?:1.8.0_40]
	at org.junit.runners.model.FrameworkMethod$1.runReflectiveCall(FrameworkMethod.java:50) [junit-4.12.jar:4.12]
	at org.junit.internal.runners.model.ReflectiveCallable.run(ReflectiveCallable.java:12) [junit-4.12.jar:4.12]
	at org.junit.runners.model.FrameworkMethod.invokeExplosively(FrameworkMethod.java:47) [junit-4.12.jar:4.12]
	at org.junit.internal.runners.statements.InvokeMethod.evaluate(InvokeMethod.java:17) [junit-4.12.jar:4.12]
	at org.junit.runners.ParentRunner.runLeaf(ParentRunner.java:325) [junit-4.12.jar:4.12]
	at org.junit.runners.BlockJUnit4ClassRunner.runChild(BlockJUnit4ClassRunner.java:78) [junit-4.12.jar:4.12]
	at org.junit.runners.BlockJUnit4ClassRunner.runChild(BlockJUnit4ClassRunner.java:57) [junit-4.12.jar:4.12]
	at org.junit.runners.ParentRunner$3.run(ParentRunner.java:290) [junit-4.12.jar:4.12]
	at org.junit.runners.ParentRunner$1.schedule(ParentRunner.java:71) [junit-4.12.jar:4.12]
	at org.junit.runners.ParentRunner.runChildren(ParentRunner.java:288) [junit-4.12.jar:4.12]
	at org.junit.runners.ParentRunner.access$000(ParentRunner.java:58) [junit-4.12.jar:4.12]
	at org.junit.runners.ParentRunner$2.evaluate(ParentRunner.java:268) [junit-4.12.jar:4.12]
	at org.junit.runners.ParentRunner.run(ParentRunner.java:363) [junit-4.12.jar:4.12]
	at org.junit.runner.JUnitCore.run(JUnitCore.java:137) [junit-4.12.jar:4.12]
	at com.intellij.junit4.JUnit4IdeaTestRunner.startRunnerWithArgs(JUnit4IdeaTestRunner.java:119) [junit-rt.jar:?]
	at com.intellij.junit4.JUnit4IdeaTestRunner.startRunnerWithArgs(JUnit4IdeaTestRunner.java:42) [junit-rt.jar:?]
	at com.intellij.rt.execution.junit.JUnitStarter.prepareStreamsAndStart(JUnitStarter.java:234) [junit-rt.jar:?]
	at com.intellij.rt.execution.junit.JUnitStarter.main(JUnitStarter.java:74) [junit-rt.jar:?]
	at sun.reflect.NativeMethodAccessorImpl.invoke0(Native Method) ~[?:1.8.0_40]
	at sun.reflect.NativeMethodAccessorImpl.invoke(NativeMethodAccessorImpl.java:62) ~[?:1.8.0_40]
	at sun.reflect.DelegatingMethodAccessorImpl.invoke(DelegatingMethodAccessorImpl.java:43) ~[?:1.8.0_40]
	at java.lang.reflect.Method.invoke(Method.java:497) ~[?:1.8.0_40]
	at com.intellij.rt.execution.application.AppMain.main(AppMain.java:144) [idea_rt.jar:?]
2016-04-11 13:32:30,929 ERROR c.k.h.w.MainTest [main] error info.
2016-04-11 13:32:33,392 INFO c.k.h.w.MainTest [main] log for keyword test : keyword is King. 
2016-04-11 13:32:35,210 INFO c.k.h.w.MainTest [main] ...
2016-04-11 13:32:44,965 INFO c.k.h.w.MainTest [main] ...
2016-04-11 13:32:46,178 INFO c.k.h.w.MainTest [main] ...
2016-04-11 13:32:47,331 INFO c.k.h.w.MainTest [main] ...
2016-04-11 13:32:50,087 INFO c.k.h.w.MainTest [main] ...
2016-04-11 13:32:51,850 INFO c.k.h.w.MainTest [main] ...
2016-04-11 13:32:53,474 INFO c.k.h.w.MainTest [main] ...
2016-04-11 13:32:55,584 INFO c.k.h.w.MainTest [main] log for keyword test : keyword is King. 
2016-04-11 13:32:58,065 ERROR c.k.h.w.MainTest [main] error info.
2016-04-11 13:33:00,180 INFO c.k.h.w.MainTest [main] ...
2016-04-11 13:33:01,525 ERROR c.k.h.w.MainTest [main] Exception come out..
2016-04-11 13:33:03,576 INFO c.k.h.w.MainTest [main] ...
2016-04-11 13:33:05,998 INFO c.k.h.w.MainTest [main] ...
2016-04-11 13:33:07,618 INFO c.k.h.w.MainTest [main] ...
2016-04-11 13:33:10,599 INFO c.k.h.w.MainTest [main] ...
2016-04-11 13:37:03,913 DEBUG c.k.h.c.ConfigPaser [main] totalConfig: {"file_path":"/Users/King/Work/code58/hawkeye/client/logs/app.log","chain":[{"type":"level","value":"error"},{"type":"keyword","value":"Exception"}],"alert":{"type":"blank","value":""}}
2016-04-11 13:37:34,737 DEBUG c.k.h.c.ConfigPaser [main] totalConfig: {"file_path":"/Users/King/Work/code58/hawkeye/client/logs/app.log","chain":[{"type":"level","value":"error"},{"type":"keyword","value":"Exception"}],"alert":{"type":"upload","value":"127.0.0.1:9527"}}
2016-04-11 13:37:49,940 INFO c.k.h.w.MainTest [main] ...
2016-04-11 13:37:52,131 INFO c.k.h.w.MainTest [main] ...
2016-04-11 13:37:54,804 INFO c.k.h.w.MainTest [main] ...
2016-04-11 13:37:56,637 INFO c.k.h.w.MainTest [main] ...
2016-04-11 13:37:57,818 INFO c.k.h.w.MainTest [main] ...
2016-04-11 13:37:58,855 ERROR c.k.h.w.MainTest [main] Exception come out..
2016-04-11 13:38:00,191 ERROR c.k.h.w.MainTest [main] error and keyword king.
java.lang.Exception: test exception...
	at com.king.hawkeye.watcher.MainTest$1.run(MainTest.java:45) [test-classes/:?]
	at com.king.hawkeye.watcher.MainTest.log(MainTest.java:58) [test-classes/:?]
	at sun.reflect.NativeMethodAccessorImpl.invoke0(Native Method) ~[?:1.8.0_40]
	at sun.reflect.NativeMethodAccessorImpl.invoke(NativeMethodAccessorImpl.java:62) ~[?:1.8.0_40]
	at sun.reflect.DelegatingMethodAccessorImpl.invoke(DelegatingMethodAccessorImpl.java:43) ~[?:1.8.0_40]
	at java.lang.reflect.Method.invoke(Method.java:497) ~[?:1.8.0_40]
	at org.junit.runners.model.FrameworkMethod$1.runReflectiveCall(FrameworkMethod.java:50) [junit-4.12.jar:4.12]
	at org.junit.internal.runners.model.ReflectiveCallable.run(ReflectiveCallable.java:12) [junit-4.12.jar:4.12]
	at org.junit.runners.model.FrameworkMethod.invokeExplosively(FrameworkMethod.java:47) [junit-4.12.jar:4.12]
	at org.junit.internal.runners.statements.InvokeMethod.evaluate(InvokeMethod.java:17) [junit-4.12.jar:4.12]
	at org.junit.runners.ParentRunner.runLeaf(ParentRunner.java:325) [junit-4.12.jar:4.12]
	at org.junit.runners.BlockJUnit4ClassRunner.runChild(BlockJUnit4ClassRunner.java:78) [junit-4.12.jar:4.12]
	at org.junit.runners.BlockJUnit4ClassRunner.runChild(BlockJUnit4ClassRunner.java:57) [junit-4.12.jar:4.12]
	at org.junit.runners.ParentRunner$3.run(ParentRunner.java:290) [junit-4.12.jar:4.12]
	at org.junit.runners.ParentRunner$1.schedule(ParentRunner.java:71) [junit-4.12.jar:4.12]
	at org.junit.runners.ParentRunner.runChildren(ParentRunner.java:288) [junit-4.12.jar:4.12]
	at org.junit.runners.ParentRunner.access$000(ParentRunner.java:58) [junit-4.12.jar:4.12]
	at org.junit.runners.ParentRunner$2.evaluate(ParentRunner.java:268) [junit-4.12.jar:4.12]
	at org.junit.runners.ParentRunner.run(ParentRunner.java:363) [junit-4.12.jar:4.12]
	at org.junit.runner.JUnitCore.run(JUnitCore.java:137) [junit-4.12.jar:4.12]
	at com.intellij.junit4.JUnit4IdeaTestRunner.startRunnerWithArgs(JUnit4IdeaTestRunner.java:119) [junit-rt.jar:?]
	at com.intellij.junit4.JUnit4IdeaTestRunner.startRunnerWithArgs(JUnit4IdeaTestRunner.java:42) [junit-rt.jar:?]
	at com.intellij.rt.execution.junit.JUnitStarter.prepareStreamsAndStart(JUnitStarter.java:234) [junit-rt.jar:?]
	at com.intellij.rt.execution.junit.JUnitStarter.main(JUnitStarter.java:74) [junit-rt.jar:?]
	at sun.reflect.NativeMethodAccessorImpl.invoke0(Native Method) ~[?:1.8.0_40]
	at sun.reflect.NativeMethodAccessorImpl.invoke(NativeMethodAccessorImpl.java:62) ~[?:1.8.0_40]
	at sun.reflect.DelegatingMethodAccessorImpl.invoke(DelegatingMethodAccessorImpl.java:43) ~[?:1.8.0_40]
	at java.lang.reflect.Method.invoke(Method.java:497) ~[?:1.8.0_40]
	at com.intellij.rt.execution.application.AppMain.main(AppMain.java:144) [idea_rt.jar:?]
2016-04-11 13:38:02,669 INFO c.k.h.w.MainTest [main] ...
2016-04-11 13:38:05,222 ERROR c.k.h.w.MainTest [main] error and keyword king.
java.lang.Exception: test exception...
	at com.king.hawkeye.watcher.MainTest$1.run(MainTest.java:45) [test-classes/:?]
	at com.king.hawkeye.watcher.MainTest.log(MainTest.java:58) [test-classes/:?]
	at sun.reflect.NativeMethodAccessorImpl.invoke0(Native Method) ~[?:1.8.0_40]
	at sun.reflect.NativeMethodAccessorImpl.invoke(NativeMethodAccessorImpl.java:62) ~[?:1.8.0_40]
	at sun.reflect.DelegatingMethodAccessorImpl.invoke(DelegatingMethodAccessorImpl.java:43) ~[?:1.8.0_40]
	at java.lang.reflect.Method.invoke(Method.java:497) ~[?:1.8.0_40]
	at org.junit.runners.model.FrameworkMethod$1.runReflectiveCall(FrameworkMethod.java:50) [junit-4.12.jar:4.12]
	at org.junit.internal.runners.model.ReflectiveCallable.run(ReflectiveCallable.java:12) [junit-4.12.jar:4.12]
	at org.junit.runners.model.FrameworkMethod.invokeExplosively(FrameworkMethod.java:47) [junit-4.12.jar:4.12]
	at org.junit.internal.runners.statements.InvokeMethod.evaluate(InvokeMethod.java:17) [junit-4.12.jar:4.12]
	at org.junit.runners.ParentRunner.runLeaf(ParentRunner.java:325) [junit-4.12.jar:4.12]
	at org.junit.runners.BlockJUnit4ClassRunner.runChild(BlockJUnit4ClassRunner.java:78) [junit-4.12.jar:4.12]
	at org.junit.runners.BlockJUnit4ClassRunner.runChild(BlockJUnit4ClassRunner.java:57) [junit-4.12.jar:4.12]
	at org.junit.runners.ParentRunner$3.run(ParentRunner.java:290) [junit-4.12.jar:4.12]
	at org.junit.runners.ParentRunner$1.schedule(ParentRunner.java:71) [junit-4.12.jar:4.12]
	at org.junit.runners.ParentRunner.runChildren(ParentRunner.java:288) [junit-4.12.jar:4.12]
	at org.junit.runners.ParentRunner.access$000(ParentRunner.java:58) [junit-4.12.jar:4.12]
	at org.junit.runners.ParentRunner$2.evaluate(ParentRunner.java:268) [junit-4.12.jar:4.12]
	at org.junit.runners.ParentRunner.run(ParentRunner.java:363) [junit-4.12.jar:4.12]
	at org.junit.runner.JUnitCore.run(JUnitCore.java:137) [junit-4.12.jar:4.12]
	at com.intellij.junit4.JUnit4IdeaTestRunner.startRunnerWithArgs(JUnit4IdeaTestRunner.java:119) [junit-rt.jar:?]
	at com.intellij.junit4.JUnit4IdeaTestRunner.startRunnerWithArgs(JUnit4IdeaTestRunner.java:42) [junit-rt.jar:?]
	at com.intellij.rt.execution.junit.JUnitStarter.prepareStreamsAndStart(JUnitStarter.java:234) [junit-rt.jar:?]
	at com.intellij.rt.execution.junit.JUnitStarter.main(JUnitStarter.java:74) [junit-rt.jar:?]
	at sun.reflect.NativeMethodAccessorImpl.invoke0(Native Method) ~[?:1.8.0_40]
	at sun.reflect.NativeMethodAccessorImpl.invoke(NativeMethodAccessorImpl.java:62) ~[?:1.8.0_40]
	at sun.reflect.DelegatingMethodAccessorImpl.invoke(DelegatingMethodAccessorImpl.java:43) ~[?:1.8.0_40]
	at java.lang.reflect.Method.invoke(Method.java:497) ~[?:1.8.0_40]
	at com.intellij.rt.execution.application.AppMain.main(AppMain.java:144) [idea_rt.jar:?]
2016-04-11 13:38:06,949 INFO c.k.h.w.MainTest [main] ...
2016-04-11 13:38:08,019 INFO c.k.h.w.MainTest [main] ...
2016-04-11 13:38:09,936 INFO c.k.h.w.MainTest [main] log for keyword test : keyword is King. 
2016-04-11 13:38:11,843 INFO c.k.h.w.MainTest [main] ...
2016-04-11 13:38:13,698 INFO c.k.h.w.MainTest [main] ...
2016-04-11 13:38:14,802 INFO c.k.h.w.MainTest [main] ...
2016-04-11 13:38:16,931 INFO c.k.h.w.MainTest [main] ...
2016-04-11 13:38:18,631 INFO c.k.h.w.MainTest [main] ...
2016-04-11 13:38:20,635 ERROR c.k.h.w.MainTest [main] Exception come out..
2016-04-11 13:38:23,560 INFO c.k.h.w.MainTest [main] ...
2016-04-11 13:38:25,215 INFO c.k.h.w.MainTest [main] ...
2016-04-11 13:38:27,886 INFO c.k.h.w.MainTest [main] ...
2016-04-11 13:38:29,148 INFO c.k.h.w.MainTest [main] ...
2016-04-11 13:38:32,040 INFO c.k.h.w.MainTest [main] ...
2016-04-11 13:38:35,037 INFO c.k.h.w.MainTest [main] ...
2016-04-11 13:38:36,821 INFO c.k.h.w.MainTest [main] ...
2016-04-11 13:38:38,633 INFO c.k.h.w.MainTest [main] ...
2016-04-11 13:38:40,678 INFO c.k.h.w.MainTest [main] ...
2016-04-11 13:38:41,695 INFO c.k.h.w.MainTest [main] ...
2016-04-11 13:38:44,179 INFO c.k.h.w.MainTest [main] ...
2016-04-11 13:38:45,935 ERROR c.k.h.w.MainTest [main] Exception come out..
2016-04-11 13:38:48,396 INFO c.k.h.w.MainTest [main] ...
2016-04-11 13:38:50,471 INFO c.k.h.w.MainTest [main] ...
2016-04-11 13:38:52,801 DEBUG c.k.h.w.MainTest [main] log for level test : level is debug.
2016-04-11 13:38:54,306 ERROR c.k.h.w.MainTest [main] Exception come out..
2016-04-11 13:38:56,288 INFO c.k.h.w.MainTest [main] ...
2016-04-11 13:38:57,575 INFO c.k.h.w.MainTest [main] ...
2016-04-11 13:38:59,499 INFO c.k.h.w.MainTest [main] ...
2016-04-11 13:39:02,281 ERROR c.k.h.w.MainTest [main] Exception come out..
2016-04-11 13:39:04,516 INFO c.k.h.w.MainTest [main] ...
2016-04-11 13:39:05,564 INFO c.k.h.w.MainTest [main] ...
2016-04-11 13:39:07,912 INFO c.k.h.w.MainTest [main] ...
2016-04-11 13:39:09,354 ERROR c.k.h.w.MainTest [main] Exception come out..
2016-04-11 13:39:11,687 INFO c.k.h.w.MainTest [main] ...
2016-04-11 13:39:13,896 INFO c.k.h.w.MainTest [main] ...
2016-04-11 13:39:15,140 ERROR c.k.h.w.MainTest [main] Exception come out..
2016-04-11 13:39:17,556 INFO c.k.h.w.MainTest [main] ...
2016-04-11 13:39:19,094 INFO c.k.h.w.MainTest [main] ...
2016-04-11 13:39:20,565 INFO c.k.h.w.MainTest [main] ...
